Log file open, 10/10/16 12:25:29
LogInit:Display: Running engine for game: PsyychGame2
LogPlatformFile: Not using cached read wrapper
LogInit:Display: RandInit(-881068112) SRandInit(-881068110).
LogTaskGraph: Started task graph with 4 named threads and 7 total threads with 1 sets of task threads.
LogStats: Stats thread started at 0.092091
LogInit: Version: 4.12.5-3039270+++UE4+Release-4.12
LogInit: API Version: 2992821
LogInit: Net Version: 3039270
LogDevObjectVersion: Number of dev versions registered: 13
LogDevObjectVersion:   Dev-Blueprints (B0D832E4-1F89-4F0D-ACCF-7EB736FD4AA2): 3
LogDevObjectVersion:   Dev-Build (E1C64328-A22C-4D53-A36C-8E866417BD8C): 0
LogDevObjectVersion:   Dev-Core (375EC13C-06E4-48FB-B500-84F0262A717E): 1
LogDevObjectVersion:   Dev-Editor (E4B068ED-F494-42E9-A231-DA0B2E46BB41): 2
LogDevObjectVersion:   Dev-Framework (CFFC743F-43B0-4480-9391-14DF171D2073): 6
LogDevObjectVersion:   Dev-Mobile (B02B49B5-BB20-44E9-A304-32B752E40360): 0
LogDevObjectVersion:   Dev-Networking (A4E4105C-59A1-49B5-A7C5-40C4547EDFEE): 0
LogDevObjectVersion:   Dev-Online (39C831C9-5AE6-47DC-9A44-9C173E1C8E7C): 0
LogDevObjectVersion:   Dev-Physics (78F01B33-EBEA-4F98-B9B4-84EACCB95AA2): 0
LogDevObjectVersion:   Dev-Platform (6631380F-2D4D-43E0-8009-CF276956A95A): 0
LogDevObjectVersion:   Dev-Rendering (12F88B9F-8875-4AFC-A67C-D90C383ABD29): 2
LogDevObjectVersion:   Dev-Sequencer (7B5AE74C-D270-4C10-A958-57980B212A5A): 0
LogDevObjectVersion:   Dev-VR (D7296918-1DD6-4BDD-9DE2-64A83CC13884): 0
LogInit: Compiled (64-bit): Jul  6 2016 09:09:46
LogInit: Compiled with Visual C++: 19.00.23026.00
LogInit: Build Configuration: Development
LogInit: Branch Name: ++UE4+Release-4.12
LogInit: Command line: 
LogInit: Base directory: C:/Program Files/Epic Games/4.12/Engine/Binaries/Win64/
LogInit: Installed Engine Build: 1
LogInit: Using libcurl 7.41.0
LogInit:  - built for x86_64-pc-win32
LogInit:  - supports SSL with WinSSL
LogInit:  - other features:
LogInit:      CURL_VERSION_SSL
LogInit:      CURL_VERSION_IPV6
LogInit:      CURL_VERSION_ASYNCHDNS
LogInit:      CURL_VERSION_LARGEFILE
LogInit:      CURL_VERSION_IDN
LogInit:  CurlRequestOptions (configurable via config and command line):
LogInit:  - bVerifyPeer = true  - Libcurl will verify peer certificate
LogInit:  - bUseHttpProxy = false  - Libcurl will NOT use HTTP proxy
LogInit:  - bDontReuseConnections = false  - Libcurl will reuse connections
LogInit:  - CertBundlePath = nullptr  - Libcurl will use whatever was configured at build time.
LogInit: Presizing for max 8388607 objects, including 0 objects not considered by GC, pre-allocating 0 bytes for permanent pool.
LogInit: Object subsystem initialized
[2016.10.10-10.25.29:855][  0]LogInit: Selected Device Profile: [Windows]
[2016.10.10-10.25.29:855][  0]LogInit: Applying CVar settings loaded from the selected device profile: [Windows]
[2016.10.10-10.25.29:880][  0]LogInit: Computer: GFX-YELLOW
[2016.10.10-10.25.29:880][  0]LogInit: User: lkemper
[2016.10.10-10.25.29:880][  0]LogInit: CPU Page size=65536, Cores=4
[2016.10.10-10.25.29:880][  0]LogInit: High frequency timer resolution =2.741177 MHz
[2016.10.10-10.25.29:881][  0]LogMemory: Memory total: Physical=12.0GB (12GB approx)
[2016.10.10-10.25.29:881][  0]LogMemory: Platform Memory Stats for Windows
[2016.10.10-10.25.29:881][  0]LogMemory: Process Physical Memory: 189.13 MB used, 189.13 MB peak
[2016.10.10-10.25.29:881][  0]LogMemory: Process Virtual Memory: 194.84 MB used, 194.84 MB peak
[2016.10.10-10.25.29:881][  0]LogMemory: Physical Memory: 4113.58 MB used, 12278.92 MB total
[2016.10.10-10.25.29:881][  0]LogMemory: Virtual Memory: 532.86 MB used, 134217728.00 MB total
[2016.10.10-10.25.29:908][  0]LogTextLocalizationManager: No translations for ('de-DE') exist, falling back to 'en' for localization and internationalization data.
[2016.10.10-10.25.30:401][  0]LogD3D11RHI: D3D11 adapters:
[2016.10.10-10.25.30:407][  0]LogD3D11RHI:    0. 'AMD Radeon HD 5800 Series' (Feature Level 11_0)
[2016.10.10-10.25.30:407][  0]LogD3D11RHI:       1010/0/3840 MB DedicatedVideo/DedicatedSystem/SharedSystem, Outputs:2, VendorId:0x1002
[2016.10.10-10.25.30:409][  0]LogD3D11RHI:    1. 'Microsoft Basic Render Driver' (Feature Level 11_0)
[2016.10.10-10.25.30:409][  0]LogD3D11RHI:       0/0/256 MB DedicatedVideo/DedicatedSystem/SharedSystem, Outputs:0, VendorId:0x1414
[2016.10.10-10.25.30:409][  0]LogD3D11RHI: Chosen D3D11 Adapter: 0
[2016.10.10-10.25.30:411][  0]LogD3D11RHI: Creating new Direct3DDevice
[2016.10.10-10.25.30:411][  0]LogD3D11RHI:     GPU DeviceId: 0x6898 (for the marketing name, search the web for "GPU Device Id")
[2016.10.10-10.25.30:411][  0]LogWindows: EnumDisplayDevices:
[2016.10.10-10.25.30:412][  0]LogWindows:    0. 'AMD Radeon HD 5800 Series' (P:1 D:1)
[2016.10.10-10.25.30:412][  0]LogWindows:    1. 'AMD Radeon HD 5800 Series' (P:0 D:1)
[2016.10.10-10.25.30:412][  0]LogWindows:    2. 'AMD Radeon HD 5800 Series' (P:0 D:0)
[2016.10.10-10.25.30:412][  0]LogWindows: DebugString: FoundDriverCount:3 
[2016.10.10-10.25.30:412][  0]LogD3D11RHI:     Adapter Name: AMD Radeon HD 5800 Series
[2016.10.10-10.25.30:412][  0]LogD3D11RHI:   Driver Version: Catalyst 14.12 AMD Catalyst Omega Software (internal:14.501.1003.0, unified:14.501.1003.0)
[2016.10.10-10.25.30:412][  0]LogD3D11RHI:      Driver Date: 11-20-2014
[2016.10.10-10.25.30:412][  0]LogRHI: Texture pool is 707 MB (70% of 1010 MB)
[2016.10.10-10.25.30:417][  0]LogD3D11RHI: Async texture creation disabled: no driver support
[2016.10.10-10.25.30:430][  0]LogD3D11RHI: GPU Timing Frequency: 27.000000 (Debug: 2 1)
[2016.10.10-10.25.30:430][  0]LogShaderCompilers: Guid format shader working directory is -41 characters bigger than the processId version (../../../../../../Users/lkemper/Documents/Unreal Projects/psychGame/PsychGame/PsyychGame2/Intermediate/Shaders/WorkingDirectory/5188/).
[2016.10.10-10.25.30:430][  0]LogShaderCompilers: Cleaned the shader compiler working directory 'C:/Users/lkemper/AppData/Local/Temp/UnrealShaderWorkingDir/9F99E7CE42DE31E59F2CF1B05DD32142/'.
[2016.10.10-10.25.30:430][  0]LogShaderCompilers:Display: Using Local Shader Compiler.
[2016.10.10-10.25.31:680][  0]LogTemp:Display: Loaded TP AllDesktopTargetPlatform
[2016.10.10-10.25.31:692][  0]LogTemp:Display: Loaded TP WindowsClientTargetPlatform
[2016.10.10-10.25.31:706][  0]LogTemp:Display: Loaded TP WindowsNoEditorTargetPlatform
[2016.10.10-10.25.31:728][  0]LogTemp:Display: Loaded TP WindowsServerTargetPlatform
[2016.10.10-10.25.31:745][  0]LogTemp:Display: Loaded TP WindowsTargetPlatform
[2016.10.10-10.25.31:756][  0]LogTemp:Display: Loaded TP AndroidTargetPlatform
[2016.10.10-10.25.31:767][  0]LogTemp:Display: Loaded TP Android_ASTCTargetPlatform
[2016.10.10-10.25.31:778][  0]LogTemp:Display: Loaded TP Android_ATCTargetPlatform
[2016.10.10-10.25.31:788][  0]LogTemp:Display: Loaded TP Android_DXTTargetPlatform
[2016.10.10-10.25.31:800][  0]LogTemp:Display: Loaded TP Android_ETC1TargetPlatform
[2016.10.10-10.25.31:811][  0]LogTemp:Display: Loaded TP Android_ETC2TargetPlatform
[2016.10.10-10.25.31:841][  0]LogTemp:Display: Loaded TP Android_MultiTargetPlatform
[2016.10.10-10.25.31:841][  0]LogTemp:Display: Loaded TP Android_PVRTCTargetPlatform
[2016.10.10-10.25.31:842][  0]LogTemp:Display: Loaded TP HTML5TargetPlatform
[2016.10.10-10.25.31:868][  0]LogTemp:Display: Loaded TP IOSTargetPlatform
[2016.10.10-10.25.31:879][  0]LogTemp:Display: Loaded TP TVOSTargetPlatform
[2016.10.10-10.25.31:891][  0]LogTemp:Display: Loaded TP LinuxNoEditorTargetPlatform
[2016.10.10-10.25.31:901][  0]LogTemp:Display: Loaded TP LinuxServerTargetPlatform
[2016.10.10-10.25.31:913][  0]LogTemp:Display: Loaded TP LinuxTargetPlatform
[2016.10.10-10.25.31:913][  0]LogTargetPlatformManager:Display: Building Assets For Windows
[2016.10.10-10.25.32:017][  0]LogDerivedDataCache:Display: Max Cache Size: 512 MB
[2016.10.10-10.25.32:077][  0]LogDerivedDataCache: Loaded boot cache 0.06s 48MB C:/Users/lkemper/AppData/Local/UnrealEngine/4.12/DerivedDataCache/Boot.ddc.
[2016.10.10-10.25.32:078][  0]LogDerivedDataCache:Display: Loaded Boot cache: C:/Users/lkemper/AppData/Local/UnrealEngine/4.12/DerivedDataCache/Boot.ddc
[2016.10.10-10.25.32:078][  0]LogDerivedDataCache: FDerivedDataBackendGraph:  Pak pak cache file ../../../../../../Users/lkemper/Documents/Unreal Projects/psychGame/PsychGame/PsyychGame2/DerivedDataCache/DDC.ddp not found, will not use a pak cache.
[2016.10.10-10.25.32:078][  0]LogDerivedDataCache: Unable to find inner node Pak for hierarchical cache Hierarchy.
[2016.10.10-10.25.32:078][  0]LogDerivedDataCache: FDerivedDataBackendGraph:  CompressedPak pak cache file ../../../../../../Users/lkemper/Documents/Unreal Projects/psychGame/PsychGame/PsyychGame2/DerivedDataCache/Compressed.ddp not found, will not use a pak cache.
[2016.10.10-10.25.32:078][  0]LogDerivedDataCache: Unable to find inner node CompressedPak for hierarchical cache Hierarchy.
[2016.10.10-10.25.32:107][  0]LogDerivedDataCache:Display: Pak cache opened for reading ../../../Engine/DerivedDataCache/Compressed.ddp.
[2016.10.10-10.25.32:119][  0]LogDerivedDataCache: Using Local data cache path C:/Users/lkemper/AppData/Local/UnrealEngine/Common/DerivedDataCache: Writable
[2016.10.10-10.25.32:389][  0]LogInit: Selected Device Profile: [Windows]
[2016.10.10-10.25.32:390][  0]LogContentStreaming: Texture pool size is 0.00 MB
[2016.10.10-10.25.32:632][  0]LogMeshUtilities: No automatic mesh reduction module available
[2016.10.10-10.25.32:632][  0]LogMeshUtilities: No automatic mesh merging module available
[2016.10.10-10.25.32:632][  0]LogMeshUtilities: No distributed automatic mesh merging module available
[2016.10.10-10.25.32:946][  0]LogAssetRegistry: FAssetRegistry took 0.0223 seconds to start up
[2016.10.10-10.25.32:965][  0]LogPackageLocalizationCache: Processed 3 localized package path(s) for 1 prioritized culture(s) in 0.015065 seconds
[2016.10.10-10.25.32:970][  0]LogUObjectArray: 28739 objects as part of root set at end of initial load.
[2016.10.10-10.25.32:970][  0]LogUObjectAllocator: 5855632 out of 0 bytes used by permanent object pool.
[2016.10.10-10.25.32:970][  0]LogUObjectArray: CloseDisregardForGC: 0/0 objects in disregard for GC pool
[2016.10.10-10.25.32:980][  0]LogInit: WinSock: version 1.1 (2.2), MaxSocks=32767, MaxUdp=65467
[2016.10.10-10.25.33:311][  0]LogSlate: SlateFontCache - WITH_FREETYPE: 1, WITH_HARFBUZZ: 1
[2016.10.10-10.25.33:311][  0]LogSlate: SlateFontCache - WITH_FREETYPE: 1, WITH_HARFBUZZ: 1
[2016.10.10-10.25.34:171][  0]LogUdpMessaging: Initializing bridge on interface 0.0.0.0:0 to multicast group 230.0.0.1:6666.
[2016.10.10-10.25.34:433][  0]SourceControl: Info Source control is disabled
[2016.10.10-10.25.34:440][  0]SourceControl: Info Source control is disabled
[2016.10.10-10.25.34:450][  0]SourceControl: Info Source control is disabled
[2016.10.10-10.25.34:460][  0]SourceControl: Info Source control is disabled
[2016.10.10-10.25.34:720][  0]LogEngine: Initializing Engine...
[2016.10.10-10.25.34:721][  0]LogHMD: SteamVR failed to initialize.  Err: 110
[2016.10.10-10.25.34:722][  0]LogHMD: SteamVR failed to initialize.  Err: 110
[2016.10.10-10.25.34:899][  0]LogAIModule: Creating AISystem for world NewWorld
[2016.10.10-10.25.34:906][  0]LogInit: XAudio2 using 'Lautsprecher (2- High Definition Audio-Gerät)' : 2 channels at 44.1 kHz using 16 bits per sample (channel mask 0x3)
[2016.10.10-10.25.34:921][  0]LogInit: FAudioDevice initialized.
[2016.10.10-10.25.34:944][  0]LogDerivedDataCache: Saved boot cache 0.02s 48MB C:/Users/lkemper/AppData/Local/UnrealEngine/4.12/DerivedDataCache/Boot.ddc.
[2016.10.10-10.25.34:953][  0]LogInit: Texture streaming: Enabled
[2016.10.10-10.25.34:978][  0]LogInit: Transaction tracking system initialized
[2016.10.10-10.25.35:010][  0]BlueprintLog: New page: Editor Load
[2016.10.10-10.25.35:107][  0]LocalizationService: Info Localization service is disabled
[2016.10.10-10.25.35:183][  0]LogConsoleResponse:Display: 
[2016.10.10-10.25.35:311][  0]LogCook:Display: Max memory allowance for cook 8192mb
[2016.10.10-10.25.35:311][  0]LogCook:Display: Mobile HDR setting 1
[2016.10.10-10.25.35:424][  0]LogFileCache: Scanning file cache for directory 'C:/Users/lkemper/Documents/Unreal Projects/psychGame/PsychGame/PsyychGame2/Content/' took 0.02s
[2016.10.10-10.25.35:424][  0]SourceControl: Info Source control is disabled
[2016.10.10-10.25.35:424][  0]Cmd: MAP LOAD FILE="../../../../../../Users/lkemper/Documents/Unreal Projects/psychGame/PsychGame/PsyychGame2/Content/allTheRocks.umap" TEMPLATE=0 SHOWPROGRESS=1 FEATURELEVEL=3
[2016.10.10-10.25.35:432][  0]LightingResults: New page: Lighting Build
[2016.10.10-10.25.35:435][  0]MapCheck: New page: Map Check
[2016.10.10-10.25.35:435][  0]LightingResults: New page: Lighting Build
[2016.10.10-10.25.37:705][  0]LogAIModule: Creating AISystem for world allTheRocks
[2016.10.10-10.25.37:952][  0]LogEditorServer: Finished looking for orphan Actors (0.000 secs)
[2016.10.10-10.25.37:953][  0]Cmd: MAP CHECKDEP NOCLEARLOG
[2016.10.10-10.25.38:018][  0]MapCheck: Info Map check complete: 0 Error(s), 0 Warning(s), took 65.698ms to complete.
[2016.10.10-10.25.38:019][  0]LogFileHelpers: Loading map 'allTheRocks' took 2.580
[2016.10.10-10.25.38:279][  0]LogCollectionManager: Loaded 0 collections in 0.002543 seconds
[2016.10.10-10.25.38:321][  0]LogFileCache: Scanning file cache for directory 'C:/Users/lkemper/Documents/Unreal Projects/psychGame/PsychGame/PsyychGame2/Saved/Collections/' took 0.01s
[2016.10.10-10.25.38:321][  0]LogFileCache: Scanning file cache for directory 'C:/Users/lkemper/Documents/Unreal Projects/psychGame/PsychGame/PsyychGame2/Content/Developers/lkemper/Collections/' took 0.01s
[2016.10.10-10.25.38:321][  0]LogFileCache: Scanning file cache for directory 'C:/Users/lkemper/Documents/Unreal Projects/psychGame/PsychGame/PsyychGame2/Content/Collections/' took 0.01s
[2016.10.10-10.25.38:321][  0]LogCollectionManager: Rebuilt the GUID cache for 0 collections in 0.000003 seconds
[2016.10.10-10.25.38:336][  0]LogContentBrowser: Native class hierarchy populated in 0.0146 seconds. Added 2047 classes and 369 folders.
[2016.10.10-10.25.38:341][  0]LogStats: UGameplayTagsManager::ConstructGameplayTagTree: Construct from data asset -  0.000 s
[2016.10.10-10.25.38:341][  0]LogStats: UGameplayTagsManager::ConstructGameplayTagTree: GameplayTagTreeChangedEvent.Broadcast -  0.000 s
[2016.10.10-10.25.38:342][  0]LogContentBrowser: Native class hierarchy updated for 'GameplayTags' in 0.0005 seconds. Added 12 classes and 0 folders.
[2016.10.10-10.25.38:349][  0]LogContentBrowser: Native class hierarchy updated for 'WidgetCarousel' in 0.0004 seconds. Added 0 classes and 0 folders.
[2016.10.10-10.25.38:860][  0]LogContentBrowser: Native class hierarchy updated for 'AddContentDialog' in 0.0005 seconds. Added 0 classes and 0 folders.
[2016.10.10-10.25.38:875][  0]LogContentBrowser: Native class hierarchy updated for 'SceneOutliner' in 0.0005 seconds. Added 1 classes and 2 folders.
[2016.10.10-10.25.38:975][  0]LogCrashTracker: Crashtracker disabled due to settings.
[2016.10.10-10.25.38:981][  0]LogUObjectGlobals:Warning: Failed to find object 'Class None.'
[2016.10.10-10.25.39:008][  0]LogContentBrowser: Native class hierarchy updated for 'HierarchicalLODOutliner' in 0.0004 seconds. Added 1 classes and 2 folders.
[2016.10.10-10.25.39:009][  0]LogLoad: Full Startup: 10.29 seconds (BP compile: 0.41 seconds)
[2016.10.10-10.25.39:009][  0]LogExternalProfiler: Found external profiler: VSPerf
[2016.10.10-10.25.39:009][  0]LogExternalProfiler: Using external profiler: VSPerf
[2016.10.10-10.25.39:344][  0]LogWindowsTextInputMethodSystem:Display: IME system now deactivated.
[2016.10.10-10.25.39:345][  0]LogOcInput: OculusInput pre-init called
[2016.10.10-10.25.39:377][  0]LogContentStreaming: Texture pool size now 400 MB
[2016.10.10-10.25.39:515][  0]LogRenderer: Reallocating scene render targets to support 256x256 (Frame:1).
[2016.10.10-10.25.39:599][  0]LogRenderer: Reallocating scene render targets to support 1208x612 (Frame:2).
[2016.10.10-10.25.39:688][  1]Cmd: UpdateLandscapeEditorData -warnings
[2016.10.10-10.25.39:690][  1]LogFileCache: Retrieving MD5 hashes for directory 'C:/Users/lkemper/Documents/Unreal Projects/psychGame/PsychGame/PsyychGame2/Content/' took 0.33s
[2016.10.10-10.25.39:692][  1]LogScriptCore:Warning: Attempted to get an item from array CallFunc_GetAllActorsOfClass_OutActors2 out of bounds [0/0]!

[2016.10.10-10.25.39:692][  1]LogScript:Warning: Accessed None trying to read property CallFunc_Array_Get_Item2
	Rock_C /Engine/Transient.World_1:PersistentLevel.Rock_C_0
	Function /Game/Blueprints/Rock.Rock_C:ExecuteUbergraph_Rock:05B7
[2016.10.10-10.25.40:043][  2]LogAssetRegistry: Asset discovery search completed in 7.0825 seconds
[2016.10.10-10.25.40:044][  2]LogCollectionManager: Rebuilt the object cache for 0 collections in 0.000001 seconds (found 0 objects)
[2016.10.10-10.25.40:044][  2]LogCollectionManager: Fixed up redirectors for 0 collections in 0.000039 seconds (updated 0 objects)
[2016.10.10-10.25.55:797][ 50]LogSynthBenchmark:Display: FSynthBenchmark (V0.95):  requested WorkScale=5.00
[2016.10.10-10.25.55:797][ 50]LogSynthBenchmark:Display: ===============
[2016.10.10-10.25.55:797][ 50]LogSynthBenchmark:Display: Main Processor:
[2016.10.10-10.25.56:068][ 50]LogSynthBenchmark:Display:          ... 0.028885 s/Run 'RayIntersect'
[2016.10.10-10.25.56:068][ 50]LogSynthBenchmark:Display:          ... 0.025168 s/Run 'Fractal'
[2016.10.10-10.25.56:068][ 50]LogSynthBenchmark:Display: 
[2016.10.10-10.25.56:068][ 50]LogSynthBenchmark:Display:   CompiledTarget_x_Bits: 64
[2016.10.10-10.25.56:068][ 50]LogSynthBenchmark:Display:   UE_BUILD_SHIPPING: 0
[2016.10.10-10.25.56:068][ 50]LogSynthBenchmark:Display:   UE_BUILD_TEST: 0
[2016.10.10-10.25.56:068][ 50]LogSynthBenchmark:Display:   UE_BUILD_DEBUG: 0
[2016.10.10-10.25.56:068][ 50]LogSynthBenchmark:Display:   TotalPhysicalGBRam: 12
[2016.10.10-10.25.56:068][ 50]LogSynthBenchmark:Display:   NumberOfCores (physical): 4
[2016.10.10-10.25.56:068][ 50]LogSynthBenchmark:Display:   NumberOfCores (logical): 8
[2016.10.10-10.25.56:068][ 50]LogSynthBenchmark:Display:   CPU Perf Index 0: 88.7 (weight 1.00)
[2016.10.10-10.25.56:068][ 50]LogSynthBenchmark:Display:   CPU Perf Index 1: 113.6 (weight 1.50)
[2016.10.10-10.25.56:068][ 50]LogSynthBenchmark:Display:  
[2016.10.10-10.25.56:068][ 50]LogSynthBenchmark:Display: Graphics:
[2016.10.10-10.25.56:068][ 50]LogSynthBenchmark:Display:   Adapter Name: 'AMD Radeon HD 5800 Series'
[2016.10.10-10.25.56:069][ 50]LogSynthBenchmark:Display:   (On Optimus the name might be wrong, memory should be ok)
[2016.10.10-10.25.56:069][ 50]LogSynthBenchmark:Display:   Vendor Id: 0x1002
[2016.10.10-10.25.56:069][ 50]LogSynthBenchmark:Display:   Device Id: 0x6898
[2016.10.10-10.25.56:069][ 50]LogSynthBenchmark:Display:   GPU Memory: 1011/0/3840 MB
[2016.10.10-10.25.56:097][ 50]LogSynthBenchmark:Display:   GPU first test: 0.01s
[2016.10.10-10.25.56:097][ 50]LogSynthBenchmark:Display:          ... 1.473 GigaPix/s, Confidence=100% 'ALUHeavyNoise' (likely to be very inaccurate)
[2016.10.10-10.25.56:097][ 50]LogSynthBenchmark:Display:          ... 1.382 GigaPix/s, Confidence=100% 'TexHeavy' (likely to be very inaccurate)
[2016.10.10-10.25.56:097][ 50]LogSynthBenchmark:Display:          ... 1.205 GigaPix/s, Confidence=89% 'DepTexHeavy' (likely to be very inaccurate)
[2016.10.10-10.25.56:097][ 50]LogSynthBenchmark:Display:          ... 2.090 GigaPix/s, Confidence=89% 'FillOnly' (likely to be very inaccurate)
[2016.10.10-10.25.56:097][ 50]LogSynthBenchmark:Display:          ... 0.374 GigaPix/s, Confidence=100% 'Bandwidth' (likely to be very inaccurate)
[2016.10.10-10.25.56:171][ 50]LogSynthBenchmark:Display:   GPU second test: 0.04s
[2016.10.10-10.25.56:171][ 50]LogSynthBenchmark:Display:          ... 3.969 GigaPix/s, Confidence=100% 'ALUHeavyNoise' (likely to be inaccurate)
[2016.10.10-10.25.56:171][ 50]LogSynthBenchmark:Display:          ... 3.519 GigaPix/s, Confidence=89% 'TexHeavy' (likely to be inaccurate)
[2016.10.10-10.25.56:171][ 50]LogSynthBenchmark:Display:          ... 2.224 GigaPix/s, Confidence=89% 'DepTexHeavy' (likely to be inaccurate)
[2016.10.10-10.25.56:171][ 50]LogSynthBenchmark:Display:          ... 10.032 GigaPix/s, Confidence=89% 'FillOnly' (likely to be inaccurate)
[2016.10.10-10.25.56:171][ 50]LogSynthBenchmark:Display:          ... 0.428 GigaPix/s, Confidence=100% 'Bandwidth' (likely to be inaccurate)
[2016.10.10-10.25.57:813][ 50]LogSynthBenchmark:Display:   GPU third test: 1.57s
[2016.10.10-10.25.57:813][ 50]LogSynthBenchmark:Display:          ... 4.917 GigaPix/s, Confidence=89% 'ALUHeavyNoise'
[2016.10.10-10.25.57:813][ 50]LogSynthBenchmark:Display:          ... 4.197 GigaPix/s, Confidence=70% 'TexHeavy'
[2016.10.10-10.25.57:813][ 50]LogSynthBenchmark:Display:          ... 2.913 GigaPix/s, Confidence=89% 'DepTexHeavy'
[2016.10.10-10.25.57:813][ 50]LogSynthBenchmark:Display:          ... 15.952 GigaPix/s, Confidence=100% 'FillOnly'
[2016.10.10-10.25.57:813][ 50]LogSynthBenchmark:Display:          ... 0.422 GigaPix/s, Confidence=89% 'Bandwidth'
[2016.10.10-10.25.57:813][ 50]LogSynthBenchmark:Display: 
[2016.10.10-10.25.57:813][ 50]LogSynthBenchmark:Display:   GPU Perf Index 0: 106.9 (weight 1.00)
[2016.10.10-10.25.57:813][ 50]LogSynthBenchmark:Display:   GPU Perf Index 1: 56.4 (weight 0.10)
[2016.10.10-10.25.57:813][ 50]LogSynthBenchmark:Display:   GPU Perf Index 2: 75.7 (weight 0.10)
[2016.10.10-10.25.57:814][ 50]LogSynthBenchmark:Display:   GPU Perf Index 3: 62.6 (weight 3.00)
[2016.10.10-10.25.57:814][ 50]LogSynthBenchmark:Display:   GPU Perf Index 4: 39.4 (weight 1.00)
[2016.10.10-10.25.57:814][ 50]LogSynthBenchmark:Display:   CPUIndex: 103.6
[2016.10.10-10.25.57:814][ 50]LogSynthBenchmark:Display:   GPUIndex: 66.8
[2016.10.10-10.25.57:814][ 50]LogSynthBenchmark:Display: 
[2016.10.10-10.25.57:814][ 50]LogSynthBenchmark:Display:          ... Total Time: 2.006061 sec
[2016.10.10-10.52.20:146][462]LogBlueprintUserMessages: Early PlayInEditor Detection: Level '/Game/allTheRocks.allTheRocks:PersistentLevel' has LevelScriptBlueprint '/Game/allTheRocks.allTheRocks:PersistentLevel.allTheRocks' with GeneratedClass '/Game/allTheRocks.allTheRocks_C' with ClassGeneratedBy '/Game/allTheRocks.allTheRocks:PersistentLevel.allTheRocks'
[2016.10.10-10.52.20:147][462]LogPlayLevel: PlayLevel: No blueprints needed recompiling
[2016.10.10-10.52.20:148][462]PIE: New page: PIE session: allTheRocks (Oct 10, 2016, 1:52:20 PM)
[2016.10.10-10.52.20:148][462]LogPlayLevel: Creating play world package: /Game/UEDPIE_0_allTheRocks
[2016.10.10-10.52.20:171][462]LogPlayLevel: PIE: StaticDuplicateObject took: (0.022959s)
[2016.10.10-10.52.20:172][462]LogAIModule: Creating AISystem for world allTheRocks
[2016.10.10-10.52.20:172][462]LogPlayLevel: PIE: World Init took: (0.000780s)
[2016.10.10-10.52.20:173][462]LogPlayLevel: PIE: Created PIE world by copying editor world from /Game/allTheRocks.allTheRocks to /Game/UEDPIE_0_allTheRocks.allTheRocks (0.024038s)
[2016.10.10-10.52.20:225][462]LogInit: XAudio2 using 'Lautsprecher (2- High Definition Audio-Gerät)' : 2 channels at 44.1 kHz using 16 bits per sample (channel mask 0x3)
[2016.10.10-10.52.20:231][462]LogInit: FAudioDevice initialized.
[2016.10.10-10.52.20:333][462]LogWorld: Game class is 'Mode1_C'
[2016.10.10-10.52.20:352][462]LogWorld: Bringing World /Game/UEDPIE_0_allTheRocks.allTheRocks up for play (max tick rate 0) at 2016.10.10-12.52.20
[2016.10.10-10.52.20:353][462]LogWorld: Bringing up level for play took: 0.014304
[2016.10.10-10.52.20:358][462]LogContentBrowser: Native class hierarchy updated for 'MovieSceneCapture' in 0.0005 seconds. Added 11 classes and 0 folders.
[2016.10.10-10.52.20:584][462]PIE: Info Play in editor start time for /Game/UEDPIE_0_allTheRocks 1.256
[2016.10.10-10.52.20:585][462]LogBlueprintUserMessages: Late PlayInEditor Detection: Level '/Game/allTheRocks.allTheRocks:PersistentLevel' has LevelScriptBlueprint '/Game/allTheRocks.allTheRocks:PersistentLevel.allTheRocks' with GeneratedClass '/Game/allTheRocks.allTheRocks_C' with ClassGeneratedBy '/Game/allTheRocks.allTheRocks:PersistentLevel.allTheRocks'
[2016.10.10-10.52.42:488][799]LogBlueprintUserMessages: Early EndPlayMap Detection: Level '/Game/allTheRocks.allTheRocks:PersistentLevel' has LevelScriptBlueprint '/Game/allTheRocks.allTheRocks:PersistentLevel.allTheRocks' with GeneratedClass '/Game/allTheRocks.allTheRocks_C' with ClassGeneratedBy '/Game/allTheRocks.allTheRocks:PersistentLevel.allTheRocks'
[2016.10.10-10.52.42:540][799]LogBlueprintUserMessages: Late EndPlayMap Detection: Level '/Game/allTheRocks.allTheRocks:PersistentLevel' has LevelScriptBlueprint '/Game/allTheRocks.allTheRocks:PersistentLevel.allTheRocks' with GeneratedClass '/Game/allTheRocks.allTheRocks_C' with ClassGeneratedBy '/Game/allTheRocks.allTheRocks:PersistentLevel.allTheRocks'
[2016.10.10-10.52.51:404][759]LogContentBrowser: Native class hierarchy updated for 'BlueprintGraph' in 0.0010 seconds. Added 111 classes and 0 folders.
[2016.10.10-11.00.51:657][985]LogEditorViewport: Clicking on Actor (LMB): Landscape (Landscape)
[2016.10.10-11.02.39:153][759]Cmd: QUIT_EDITOR
[2016.10.10-11.02.40:014][759]LogWindowsTextInputMethodSystem:Display: IME system now deactivated.
[2016.10.10-11.02.40:050][759]LogExit: Preparing to exit.
[2016.10.10-11.02.40:648][759]LogExit: Editor shut down
[2016.10.10-11.02.40:648][759]LogExit: Transaction tracking system shut down
[2016.10.10-11.02.40:823][759]LogObj: Freed 0b from 0 cluster array pools.
[2016.10.10-11.02.40:823][759]LogExit: Object subsystem successfully closed.
[2016.10.10-11.02.40:840][759]LogD3D11RHI: Shutdown
[2016.10.10-11.02.40:840][759]LogD3D11RHI: CleanupD3DDevice
[2016.10.10-11.02.40:865][759]LogD3D11RHI: ~FD3D11DynamicRHI
[2016.10.10-11.02.40:882][759]LogModuleManager: Shutting down and abandoning module SequencerWidgets (217)
[2016.10.10-11.02.40:882][759]LogModuleManager: Shutting down and abandoning module BlueprintGraph (216)
[2016.10.10-11.02.40:882][759]LogModuleManager: Shutting down and abandoning module MovieSceneCapture (215)
[2016.10.10-11.02.40:882][759]LogModuleManager: Shutting down and abandoning module SynthBenchmark (214)
[2016.10.10-11.02.40:882][759]LogModuleManager: Shutting down and abandoning module HierarchicalLODOutliner (213)
[2016.10.10-11.02.40:882][759]LogModuleManager: Shutting down and abandoning module CrashTracker (212)
[2016.10.10-11.02.40:882][759]LogModuleManager: Shutting down and abandoning module SceneOutliner (211)
[2016.10.10-11.02.40:882][759]LogModuleManager: Shutting down and abandoning module WidgetCarousel (210)
[2016.10.10-11.02.40:882][759]LogModuleManager: Shutting down and abandoning module AddContentDialog (209)
[2016.10.10-11.02.40:883][759]LogModuleManager: Shutting down and abandoning module GameplayTags (208)
[2016.10.10-11.02.40:883][759]LogModuleManager: Shutting down and abandoning module EditorWidgets (207)
[2016.10.10-11.02.40:883][759]LogModuleManager: Shutting down and abandoning module CollectionManager (206)
[2016.10.10-11.02.40:883][759]LogModuleManager: Shutting down and abandoning module StatsViewer (205)
[2016.10.10-11.02.40:883][759]LogModuleManager: Shutting down and abandoning module FoliageEdit (204)
[2016.10.10-11.02.40:883][759]LogModuleManager: Shutting down and abandoning module LandscapeEditor (203)
[2016.10.10-11.02.40:883][759]LogModuleManager: Shutting down and abandoning module SceneDepthPickerMode (202)
[2016.10.10-11.02.40:883][759]LogModuleManager: Shutting down and abandoning module ActorPickerMode (201)
[2016.10.10-11.02.40:883][759]LogModuleManager: Shutting down and abandoning module GeometryMode (200)
[2016.10.10-11.02.40:883][759]LogModuleManager: Shutting down and abandoning module TextureAlignMode (199)
[2016.10.10-11.02.40:883][759]LogModuleManager: Shutting down and abandoning module BspMode (198)
[2016.10.10-11.02.40:883][759]LogModuleManager: Shutting down and abandoning module HardwareSurvey (197)
[2016.10.10-11.02.40:883][759]LogModuleManager: Shutting down and abandoning module SequenceRecorderSections (196)
[2016.10.10-11.02.40:883][759]LogModuleManager: Shutting down and abandoning module SequenceRecorder (195)
[2016.10.10-11.02.40:883][759]LogModuleManager: Shutting down and abandoning module AutomationWorker (194)
[2016.10.10-11.02.40:883][759]LogModuleManager: Shutting down and abandoning module MatineeToLevelSequence (193)
[2016.10.10-11.02.40:883][759]LogModuleManager: Shutting down and abandoning module PlacementMode (192)
[2016.10.10-11.02.40:884][759]LogModuleManager: Shutting down and abandoning module LevelSequenceEditor (191)
[2016.10.10-11.02.40:884][759]LogModuleManager: Shutting down and abandoning module CharacterAI (190)
[2016.10.10-11.02.40:884][759]LogModuleManager: Shutting down and abandoning module SmartSnapping (189)
[2016.10.10-11.02.40:884][759]LogModuleManager: Shutting down and abandoning module SessionServices (188)
[2016.10.10-11.02.40:884][759]LogModuleManager: Shutting down and abandoning module ViewportSnapping (187)
[2016.10.10-11.02.40:884][759]LogModuleManager: Shutting down and abandoning module LogVisualizer (186)
[2016.10.10-11.02.40:884][759]LogModuleManager: Shutting down and abandoning module GameProjectGeneration (185)
[2016.10.10-11.02.40:884][759]LogModuleManager: Shutting down and abandoning module IntroTutorials (184)
[2016.10.10-11.02.40:884][759]LogModuleManager: Shutting down and abandoning module EditorLiveStreaming (183)
[2016.10.10-11.02.40:884][759]LogModuleManager: Shutting down and abandoning module IOSPlatformEditor (182)
[2016.10.10-11.02.40:884][759]LogModuleManager: Shutting down and abandoning module HTML5PlatformEditor (181)
[2016.10.10-11.02.40:884][759]LogModuleManager: Shutting down and abandoning module AndroidDeviceDetection (180)
[2016.10.10-11.02.41:236][759]LogModuleManager: Shutting down and abandoning module AndroidPlatformEditor (179)
[2016.10.10-11.02.41:236][759]LogModuleManager: Shutting down and abandoning module IOSRuntimeSettings (178)
[2016.10.10-11.02.41:236][759]LogModuleManager: Shutting down and abandoning module AndroidRuntimeSettings (177)
[2016.10.10-11.02.41:236][759]LogModuleManager: Shutting down and abandoning module MergeActors (176)
[2016.10.10-11.02.41:236][759]LogModuleManager: Shutting down and abandoning module SizeMap (175)
[2016.10.10-11.02.41:236][759]LogModuleManager: Shutting down and abandoning module TreeMap (174)
[2016.10.10-11.02.41:236][759]LogModuleManager: Shutting down and abandoning module ReferenceViewer (173)
[2016.10.10-11.02.41:236][759]LogModuleManager: Shutting down and abandoning module LocalizationService (172)
[2016.10.10-11.02.41:236][759]LogModuleManager: Shutting down and abandoning module LocalizationDashboard (171)
[2016.10.10-11.02.41:236][759]LogModuleManager: Shutting down and abandoning module HardwareTargeting (170)
[2016.10.10-11.02.41:236][759]LogModuleManager: Shutting down and abandoning module DeviceProfileEditor (169)
[2016.10.10-11.02.41:236][759]LogModuleManager: Shutting down and abandoning module UndoHistory (168)
[2016.10.10-11.02.41:236][759]LogModuleManager: Shutting down and abandoning module UserFeedback (167)
[2016.10.10-11.02.41:236][759]LogModuleManager: Shutting down and abandoning module XmlParser (166)
[2016.10.10-11.02.41:236][759]LogModuleManager: Shutting down and abandoning module Blutility (165)
[2016.10.10-11.02.41:236][759]LogModuleManager: Shutting down and abandoning module ProjectTargetPlatformEditor (164)
[2016.10.10-11.02.41:237][759]LogModuleManager: Shutting down and abandoning module ProjectSettingsViewer (163)
[2016.10.10-11.02.41:237][759]LogModuleManager: Shutting down and abandoning module InputBindingEditor (162)
[2016.10.10-11.02.41:237][759]LogModuleManager: Shutting down and abandoning module EditorSettingsViewer (161)
[2016.10.10-11.02.41:237][759]LogModuleManager: Shutting down and abandoning module SettingsEditor (160)
[2016.10.10-11.02.41:237][759]LogModuleManager: Shutting down and abandoning module ProjectLauncher (159)
[2016.10.10-11.02.41:237][759]LogModuleManager: Shutting down and abandoning module SessionFrontend (158)
[2016.10.10-11.02.41:237][759]LogModuleManager: Shutting down and abandoning module ProfilerClient (157)
[2016.10.10-11.02.41:237][759]LogModuleManager: Shutting down and abandoning module TargetDeviceServices (156)
[2016.10.10-11.02.41:237][759]LogModuleManager: Shutting down and abandoning module DeviceManager (155)
[2016.10.10-11.02.41:292][759]LogModuleManager: Shutting down and abandoning module AutomationController (154)
[2016.10.10-11.02.41:292][759]LogModuleManager: Shutting down and abandoning module AutomationWindow (153)
[2016.10.10-11.02.41:292][759]LogModuleManager: Shutting down and abandoning module Layers (152)
[2016.10.10-11.02.41:292][759]LogModuleManager: Shutting down and abandoning module ComponentVisualizers (151)
[2016.10.10-11.02.41:292][759]LogModuleManager: Shutting down and abandoning module DetailCustomizations (150)
[2016.10.10-11.02.41:292][759]LogModuleManager: Shutting down and abandoning module PackagesDialog (149)
[2016.10.10-11.02.41:292][759]LogModuleManager: Shutting down and abandoning module Persona (148)
[2016.10.10-11.02.41:292][759]LogModuleManager: Shutting down and abandoning module Kismet (147)
[2016.10.10-11.02.41:292][759]LogModuleManager: Shutting down and abandoning module GraphEditor (146)
[2016.10.10-11.02.41:292][759]LogModuleManager: Shutting down and abandoning module ClassViewer (145)
[2016.10.10-11.02.41:292][759]LogModuleManager: Shutting down and abandoning module Toolbox (144)
[2016.10.10-11.02.41:292][759]LogModuleManager: Shutting down and abandoning module ModuleUI (143)
[2016.10.10-11.02.41:292][759]LogModuleManager: Shutting down and abandoning module MovieSceneTools (142)
[2016.10.10-11.02.41:292][759]LogModuleManager: Shutting down and abandoning module OutputLog (141)
[2016.10.10-11.02.41:292][759]LogModuleManager: Shutting down and abandoning module GammaUI (140)
[2016.10.10-11.02.41:292][759]LogModuleManager: Shutting down and abandoning module Documentation (139)
[2016.10.10-11.02.41:292][759]LogModuleManager: Shutting down and abandoning module StreamingPauseRendering (138)
[2016.10.10-11.02.41:292][759]LogModuleManager: Shutting down and abandoning module AnalyticsET (137)
[2016.10.10-11.02.41:292][759]LogModuleManager: Shutting down and abandoning module Analytics (136)
[2016.10.10-11.02.41:292][759]LogModuleManager: Shutting down and abandoning module PortalServices (135)
[2016.10.10-11.02.41:292][759]LogModuleManager: Shutting down and abandoning module PortalRpc (134)
[2016.10.10-11.02.41:292][759]LogModuleManager: Shutting down and abandoning module MessagingRpc (133)
[2016.10.10-11.02.41:292][759]LogModuleManager: Shutting down and abandoning module GameplayDebugger (132)
[2016.10.10-11.02.41:292][759]LogModuleManager: Shutting down and abandoning module AITestSuite (131)
[2016.10.10-11.02.41:292][759]LogModuleManager: Shutting down and abandoning module AIModule (130)
[2016.10.10-11.02.41:292][759]LogModuleManager: Shutting down and abandoning module ProfilerService (129)
[2016.10.10-11.02.41:361][759]LogModuleManager: Shutting down and abandoning module TaskGraph (128)
[2016.10.10-11.02.41:361][759]LogModuleManager: Shutting down and abandoning module SlateRemote (127)
[2016.10.10-11.02.41:361][759]LogModuleManager: Shutting down and abandoning module SteamVRController (126)
[2016.10.10-11.02.41:361][759]LogModuleManager: Shutting down and abandoning module SteamVR (125)
[2016.10.10-11.02.41:361][759]LogModuleManager: Shutting down and abandoning module ProceduralMeshComponent (124)
[2016.10.10-11.02.41:361][759]LogModuleManager: Shutting down and abandoning module OculusLibrary (123)
[2016.10.10-11.02.41:361][759]LogModuleManager: Shutting down and abandoning module OculusInput (122)
[2016.10.10-11.02.41:361][759]LogModuleManager: Shutting down and abandoning module CustomMeshComponent (121)
[2016.10.10-11.02.41:361][759]LogModuleManager: Shutting down and abandoning module CableComponent (120)
[2016.10.10-11.02.41:361][759]LogModuleManager: Shutting down and abandoning module ArchVisCharacter (119)
[2016.10.10-11.02.41:361][759]LogModuleManager: Shutting down and abandoning module MediaPlayerEditor (118)
[2016.10.10-11.02.41:361][759]LogModuleManager: Shutting down and abandoning module HTML5Networking (117)
[2016.10.10-11.02.41:361][759]LogModuleManager: Shutting down and abandoning module SuperSearch (116)
[2016.10.10-11.02.41:361][759]LogModuleManager: Shutting down and abandoning module SuperSearchEditor (115)
[2016.10.10-11.02.41:361][759]LogModuleManager: Shutting down and abandoning module SpeedTreeImporter (114)
[2016.10.10-11.02.41:361][759]LogModuleManager: Shutting down and abandoning module PluginBrowser (113)
[2016.10.10-11.02.41:361][759]LogModuleManager: Shutting down and abandoning module EpicSurvey (112)
[2016.10.10-11.02.41:362][759]LogModuleManager: Shutting down and abandoning module DesktopPlatform (111)
[2016.10.10-11.02.41:362][759]LogModuleManager: Shutting down and abandoning module VisualStudioSourceCodeAccess (110)
[2016.10.10-11.02.41:362][759]LogModuleManager: Shutting down and abandoning module UObjectPlugin (109)
[2016.10.10-11.02.41:362][759]LogModuleManager: Shutting down and abandoning module SubversionSourceControl (108)
[2016.10.10-11.02.41:362][759]LogModuleManager: Shutting down and abandoning module PerforceSourceControl (107)
[2016.10.10-11.02.41:362][759]LogModuleManager: Shutting down and abandoning module SourceControl (106)
[2016.10.10-11.02.41:362][759]LogModuleManager: Shutting down and abandoning module GitSourceControl (105)
[2016.10.10-11.02.41:362][759]LogModuleManager: Shutting down and abandoning module LightPropagationVolumeEditor (104)
[2016.10.10-11.02.41:362][759]LogModuleManager: Shutting down and abandoning module PaperTiledImporter (103)
[2016.10.10-11.02.41:362][759]LogModuleManager: Shutting down and abandoning module PaperSpriteSheetImporter (102)
[2016.10.10-11.02.41:362][759]LogModuleManager: Shutting down and abandoning module MeshPaint (101)
[2016.10.10-11.02.41:362][759]LogModuleManager: Shutting down and abandoning module PixelInspectorModule (100)
[2016.10.10-11.02.41:362][759]LogModuleManager: Shutting down and abandoning module HotReload (99)
[2016.10.10-11.02.41:362][759]LogModuleManager: Shutting down and abandoning module MainFrame (98)
[2016.10.10-11.02.41:362][759]LogModuleManager: Shutting down and abandoning module LevelEditor (97)
[2016.10.10-11.02.41:363][759]LogModuleManager: Shutting down and abandoning module ContentBrowser (96)
[2016.10.10-11.02.41:364][759]LogModuleManager: Shutting down and abandoning module Paper2DEditor (95)
[2016.10.10-11.02.41:364][759]LogModuleManager: Shutting down and abandoning module UdpMessaging (94)
[2016.10.10-11.02.41:465][759]LogModuleManager: Shutting down and abandoning module LightPropagationVolumeRuntime (93)
[2016.10.10-11.02.41:465][759]LogModuleManager: Shutting down and abandoning module Paper2D (92)
[2016.10.10-11.02.41:465][759]LogModuleManager: Shutting down and abandoning module WindowsMoviePlayer (91)
[2016.10.10-11.02.41:465][759]LogModuleManager: Shutting down and abandoning module Media (90)
[2016.10.10-11.02.41:465][759]LogModuleManager: Shutting down and abandoning module WmfMedia (89)
[2016.10.10-11.02.41:465][759]LogModuleManager: Shutting down and abandoning module MediaAssets (88)
[2016.10.10-11.02.41:465][759]LogModuleManager: Shutting down and abandoning module GameLiveStreaming (87)
[2016.10.10-11.02.41:465][759]LogModuleManager: Shutting down and abandoning module GameplayTagsEditor (86)
[2016.10.10-11.02.41:465][759]LogModuleManager: Shutting down and abandoning module OnlineBlueprintSupport (85)
[2016.10.10-11.02.41:465][759]LogModuleManager: Shutting down and abandoning module VREditor (84)
[2016.10.10-11.02.41:465][759]LogModuleManager: Shutting down and abandoning module GameplayTasksEditor (83)
[2016.10.10-11.02.41:465][759]LogModuleManager: Shutting down and abandoning module PropertyEditor (82)
[2016.10.10-11.02.41:465][759]LogModuleManager: Shutting down and abandoning module BehaviorTreeEditor (81)
[2016.10.10-11.02.41:465][759]LogModuleManager: Shutting down and abandoning module FunctionalTesting (80)
[2016.10.10-11.02.41:465][759]LogModuleManager: Shutting down and abandoning module CollisionAnalyzer (79)
[2016.10.10-11.02.41:465][759]LogModuleManager: Shutting down and abandoning module Sequencer (78)
[2016.10.10-11.02.41:465][759]LogModuleManager: Shutting down and abandoning module WorkspaceMenuStructure (77)
[2016.10.10-11.02.41:465][759]LogModuleManager: Shutting down and abandoning module MessageLog (76)
[2016.10.10-11.02.41:465][759]LogModuleManager: Shutting down and abandoning module AssetTools (75)
[2016.10.10-11.02.41:465][759]LogModuleManager: Shutting down and abandoning module UMGEditor (74)
[2016.10.10-11.02.41:465][759]LogModuleManager: Shutting down and abandoning module UMG (73)
[2016.10.10-11.02.41:465][759]LogModuleManager: Shutting down and abandoning module SlateReflector (72)
[2016.10.10-11.02.41:465][759]LogModuleManager: Shutting down and abandoning module Slate (71)
[2016.10.10-11.02.41:465][759]LogModuleManager: Shutting down and abandoning module EditorStyle (70)
[2016.10.10-11.02.41:468][759]LogModuleManager: Shutting down and abandoning module SourceCodeAccess (69)
[2016.10.10-11.02.41:468][759]LogModuleManager: Shutting down and abandoning module HeadMountedDisplay (68)
[2016.10.10-11.02.41:468][759]LogModuleManager: Shutting down and abandoning module XAudio2 (67)
[2016.10.10-11.02.41:468][759]LogModuleManager: Shutting down and abandoning module Networking (65)
[2016.10.10-11.02.41:468][759]LogModuleManager: Shutting down and abandoning module Core (64)
[2016.10.10-11.02.41:468][759]LogModuleManager: Shutting down and abandoning module DirectoryWatcher (63)
[2016.10.10-11.02.41:469][759]LogModuleManager: Shutting down and abandoning module AssetRegistry (62)
[2016.10.10-11.02.41:689][759]LogModuleManager: Shutting down and abandoning module KismetCompiler (61)
[2016.10.10-11.02.41:689][759]LogModuleManager: Shutting down and abandoning module PhysXFormats (60)
[2016.10.10-11.02.41:689][759]LogModuleManager: Shutting down and abandoning module MeshUtilities (59)
[2016.10.10-11.02.41:689][759]LogModuleManager: Shutting down and abandoning module DerivedDataCache (58)
[2016.10.10-11.02.41:777][759]LogDerivedDataCache: Shutdown
[2016.10.10-11.02.41:777][759]LogModuleManager: Shutting down and abandoning module VulkanShaderFormat (57)
[2016.10.10-11.02.41:777][759]LogModuleManager: Shutting down and abandoning module ShaderFormatOpenGL (56)
[2016.10.10-11.02.41:777][759]LogModuleManager: Shutting down and abandoning module ShaderFormatD3D (55)
[2016.10.10-11.02.41:777][759]LogModuleManager: Shutting down and abandoning module MetalShaderFormat (54)
[2016.10.10-11.02.41:777][759]LogModuleManager: Shutting down and abandoning module TextureFormatUncompressed (53)
[2016.10.10-11.02.41:777][759]LogModuleManager: Shutting down and abandoning module TextureFormatPVR (52)
[2016.10.10-11.02.41:777][759]LogModuleManager: Shutting down and abandoning module TextureFormatIntelISPCTexComp (51)
[2016.10.10-11.02.41:777][759]LogModuleManager: Shutting down and abandoning module TextureFormatDXT (50)
[2016.10.10-11.02.41:777][759]LogModuleManager: Shutting down and abandoning module ImageWrapper (49)
[2016.10.10-11.02.41:777][759]LogModuleManager: Shutting down and abandoning module TextureFormatASTC (48)
[2016.10.10-11.02.41:777][759]LogModuleManager: Shutting down and abandoning module TextureFormatAndroid (47)
[2016.10.10-11.02.41:778][759]LogModuleManager: Shutting down and abandoning module AudioFormatOpus (46)
[2016.10.10-11.02.41:778][759]LogModuleManager: Shutting down and abandoning module AudioFormatOgg (45)
[2016.10.10-11.02.41:778][759]LogModuleManager: Shutting down and abandoning module AudioFormatADPCM (44)
[2016.10.10-11.02.41:778][759]LogModuleManager: Shutting down and abandoning module LinuxTargetPlatform (43)
[2016.10.10-11.02.41:778][759]LogModuleManager: Shutting down and abandoning module LinuxServerTargetPlatform (42)
[2016.10.10-11.02.41:778][759]LogModuleManager: Shutting down and abandoning module LinuxNoEditorTargetPlatform (41)
[2016.10.10-11.02.41:778][759]LogModuleManager: Shutting down and abandoning module TVOSTargetPlatform (40)
[2016.10.10-11.02.41:778][759]LogModuleManager: Shutting down and abandoning module Messaging (39)
[2016.10.10-11.02.41:778][759]LogModuleManager: Shutting down and abandoning module IOSTargetPlatform (38)
[2016.10.10-11.02.41:778][759]LogModuleManager: Shutting down and abandoning module HTML5TargetPlatform (37)
[2016.10.10-11.02.41:778][759]LogModuleManager: Shutting down and abandoning module Android_PVRTCTargetPlatform (36)
[2016.10.10-11.02.41:778][759]LogModuleManager: Shutting down and abandoning module Android_MultiTargetPlatform (35)
[2016.10.10-11.02.41:778][759]LogModuleManager: Shutting down and abandoning module Android_ETC2TargetPlatform (34)
[2016.10.10-11.02.41:778][759]LogModuleManager: Shutting down and abandoning module Android_ETC1TargetPlatform (33)
[2016.10.10-11.02.41:778][759]LogModuleManager: Shutting down and abandoning module Android_DXTTargetPlatform (32)
[2016.10.10-11.02.41:778][759]LogModuleManager: Shutting down and abandoning module Android_ATCTargetPlatform (31)
[2016.10.10-11.02.41:778][759]LogModuleManager: Shutting down and abandoning module Android_ASTCTargetPlatform (30)
[2016.10.10-11.02.41:778][759]LogModuleManager: Shutting down and abandoning module AndroidTargetPlatform (29)
[2016.10.10-11.02.41:778][759]LogModuleManager: Shutting down and abandoning module WindowsTargetPlatform (28)
[2016.10.10-11.02.41:778][759]LogModuleManager: Shutting down and abandoning module WindowsServerTargetPlatform (27)
[2016.10.10-11.02.41:778][759]LogModuleManager: Shutting down and abandoning module WindowsNoEditorTargetPlatform (26)
[2016.10.10-11.02.41:778][759]LogModuleManager: Shutting down and abandoning module WindowsClientTargetPlatform (25)
[2016.10.10-11.02.41:778][759]LogModuleManager: Shutting down and abandoning module AllDesktopTargetPlatform (24)
[2016.10.10-11.02.41:778][759]LogModuleManager: Shutting down and abandoning module TargetPlatform (23)
[2016.10.10-11.02.41:778][759]LogModuleManager: Shutting down and abandoning module InputCore (22)
[2016.10.10-11.02.41:778][759]LogModuleManager: Shutting down and abandoning module Settings (21)
[2016.10.10-11.02.41:778][759]LogModuleManager: Shutting down and abandoning module OnlineSubsystem (19)
[2016.10.10-11.02.41:778][759]LogModuleManager: Shutting down and abandoning module HTTP (18)
[2016.10.10-11.02.46:302][759]LogModuleManager: Shutting down and abandoning module XMPP (17)
[2016.10.10-11.02.46:302][759]LogModuleManager: Shutting down and abandoning module OculusRift (16)
[2016.10.10-11.02.46:302][759]LogModuleManager: Shutting down and abandoning module ExampleDeviceProfileSelector (15)
[2016.10.10-11.02.46:302][759]LogModuleManager: Shutting down and abandoning module TextureCompressor (14)
[2016.10.10-11.02.46:302][759]LogModuleManager: Shutting down and abandoning module ShaderCore (13)
[2016.10.10-11.02.46:302][759]LogModuleManager: Shutting down and abandoning module Landscape (12)
[2016.10.10-11.02.46:302][759]LogModuleManager: Shutting down and abandoning module SlateRHIRenderer (11)
[2016.10.10-11.02.46:305][759]LogModuleManager: Shutting down and abandoning module OpenGLDrv (10)
[2016.10.10-11.02.46:305][759]LogModuleManager: Shutting down and abandoning module D3D11RHI (9)
[2016.10.10-11.02.46:305][759]LogModuleManager: Shutting down and abandoning module AnimGraphRuntime (8)
[2016.10.10-11.02.46:305][759]LogModuleManager: Shutting down and abandoning module Renderer (7)
[2016.10.10-11.02.46:305][759]LogModuleManager: Shutting down and abandoning module Engine (6)
[2016.10.10-11.02.46:305][759]LogModuleManager: Shutting down and abandoning module CoreUObject (5)
[2016.10.10-11.02.46:305][759]LogModuleManager: Shutting down and abandoning module NetworkFile (4)
[2016.10.10-11.02.46:305][759]LogModuleManager: Shutting down and abandoning module StreamingFile (3)
[2016.10.10-11.02.46:305][759]LogModuleManager: Shutting down and abandoning module SandboxFile (2)
[2016.10.10-11.02.46:305][759]LogModuleManager: Shutting down and abandoning module PakFile (1)
[2016.10.10-11.02.46:307][759]LogExit: Exiting.
[2016.10.10-11.02.46:308][759]Log file closed, 10/10/16 13:02:46
